This is pdfTeX, Version 3.14159265-2.6-1.40.19 (TeX Live 2019/dev/Debian) (preloaded format=latex 2020.10.25)  25 OCT 2020 16:46
entering extended mode
 restricted \write18 enabled.
 %&-line parsing enabled.
**q
(/usr/share/texlive/texmf-dist/tex/latex/tools/q.tex
LaTeX2e <2018-12-01>
File ignored
)
! Emergency stop.
<*> q
     
*** (job aborted, no legal \end found)

 
Here is how much of TeX's memory you used:
 6 strings out of 494562
 254 string characters out of 6177479
 51994 words of memory out of 5000000
 3767 multiletter control sequences out of 15000+600000
 3640 words of font info for 14 fonts, out of 8000000 for 9000
 14 hyphenation exceptions out of 8191
 5i,0n,1p,81b,8s stack positions out of 5000i,500n,10000p,200000b,80000s
No pages of output.
